<?xml version='1.0'?>
<ns2:test-suite xmlns:ns2='urn:model.allure.qatools.yandex.ru' start='1646080616711' stop='1646080617551'>
    <name>Login to LibreView</name>
    <title>Login to LibreView</title>
    <test-cases>
        <test-case start='1646080616712' status='failed' stop='1646080617551'>
            <name>I am able to login successfully using 2FA</name>
            <title>I am able to login successfully using 2FA</title>
            <labels>
                <label name='language' value='javascript'/>
                <label name='framework' value='wdio'/>
                <label name='thread' value='0-0'/>
            </labels>
            <parameters>
                <parameter kind='argument' name='browser' value='chrome-98.0.4758.109'/>
            </parameters>
            <steps>
                <step start='1646080616848' status='failed' stop='1646080617551'>
                    <name>POST /session/:sessionId/window/maximize</name>
                    <title>POST /session/:sessionId/window/maximize</title>
                    <attachments/>
                    <steps>
                        <step start='1646080616852' status='failed' stop='1646080617551'>
                            <name>POST /session/:sessionId/element</name>
                            <title>POST /session/:sessionId/element</title>
                            <attachments>
                                <attachment title='Request' source='7f70c89b-7ec1-461e-a3da-5c95db8c488c-attachment.json' type='application/json' size='59'/>
                            </attachments>
                            <steps>
                                <step start='1646080616868' status='failed' stop='1646080617551'>
                                    <name>POST /session/:sessionId/element</name>
                                    <title>POST /session/:sessionId/element</title>
                                    <attachments>
                                        <attachment title='Request' source='4bb9cac8-625d-4b32-87e1-5e4602141ad7-attachment.json' type='application/json' size='66'/>
                                    </attachments>
                                    <steps>
                                        <step start='1646080616888' status='failed' stop='1646080617551'>
                                            <name>POST /session/:sessionId/element</name>
                                            <title>POST /session/:sessionId/element</title>
                                            <attachments>
                                                <attachment title='Request' source='b9b9a905-1fdb-46a0-b9b5-4fee79806b84-attachment.json' type='application/json' size='72'/>
                                            </attachments>
                                            <steps>
                                                <step start='1646080616907' status='failed' stop='1646080617551'>
                                                    <name>POST /session/:sessionId/element</name>
                                                    <title>POST /session/:sessionId/element</title>
                                                    <attachments>
                                                        <attachment title='Request' source='53d46f04-5e4b-42d2-ac69-ac22625cc8ea-attachment.json' type='application/json' size='72'/>
                                                    </attachments>
                                                    <steps>
                                                        <step start='1646080616926' status='passed' stop='1646080617547'>
                                                            <name>GET /session/:sessionId/screenshot</name>
                                                            <title>GET /session/:sessionId/screenshot</title>
                                                            <attachments>
                                                                <attachment title='Screenshot' source='4d04e54a-8427-4df3-bda0-e22f70f608b4-attachment.png' type='image/png' size='31368'/>
                                                            </attachments>
                                                            <steps>
                                                                <step start='1646080616930' status='passed' stop='1646080617171'>
                                                                    <name>POST /session/:sessionId/url</name>
                                                                    <title>POST /session/:sessionId/url</title>
                                                                    <attachments>
                                                                        <attachment title='Request' source='03e281ad-f2a8-4aaa-8b00-8c9ecd470952-attachment.json' type='application/json' size='41'/>
                                                                        <attachment title='Response' source='5637cab3-3950-400d-a979-305a88bde6e7-attachment.json' type='application/json' size='58'/>
                                                                    </attachments>
                                                                    <steps/>
                                                                </step>
                                                            </steps>
                                                        </step>
                                                    </steps>
                                                </step>
                                            </steps>
                                        </step>
                                    </steps>
                                </step>
                            </steps>
                        </step>
                    </steps>
                </step>
            </steps>
            <attachments/>
            <failure>
                <message>Upload button is not displayed: expected true to equal {}      
                      actual expected
                      
                      truePromise [Promise] {}
                      </message>
                <stack-trace>AssertionError: Upload button is not displayed: expected true to equal {}
                    at Context.&lt;anonymous> (/Users/harshullaiwala/Documents/LibreViewLoginTest/test/login.test.js:15:16)
                    at Context.executeAsync (/Users/harshullaiwala/Documents/LibreViewLoginTest/node_modules/@wdio/utils/build/shim.js:331:27)
                    at Context.testFrameworkFnWrapper (/Users/harshullaiwala/Documents/LibreViewLoginTest/node_modules/@wdio/utils/build/test-framework/testFnWrapper.js:45:32)</stack-trace>
            </failure>
        </test-case>
    </test-cases>
</ns2:test-suite>